<?xml version="1.0" encoding="UTF-8"?>
<!-- Generated by org.testng.reporters.JUnitXMLReporter -->
<testsuite ignored="1" hostname="DESKTOP-49FEGJC" failures="0" tests="1" name="Default test" time="0.074" errors="0" timestamp="2021-05-27T20:48:59 IST">
  <testcase classname="QAClickacademy.MavenJava.AppiumTest" name="NativeAppLogin" time="0.016"/>
  <testcase classname="QAClickacademy.MavenJava.AppiumTest" name="IOSApp" time="0.0">
    <ignored/>
  </testcase> <!-- IOSApp -->
</testsuite> <!-- Default test -->
