<?xml version="1.0" encoding="UTF-8"?>
<!-- Generated by org.testng.reporters.JUnitXMLReporter -->
<testsuite ignored="1" hostname="DESKTOP-49FEGJC" failures="0" tests="1" name="Test" time="0.064" errors="0" timestamp="2021-05-27T21:26:46 IST">
  <testcase classname="QAClickacademy.MavenJava.SeleniumTest" name="browserWindow" time="0.008"/>
  <testcase classname="QAClickacademy.MavenJava.SeleniumTest" name="windowLogin" time="0.0">
    <ignored/>
  </testcase> <!-- windowLogin -->
</testsuite> <!-- Test -->
