<?xml version="1.0" encoding="UTF-8"?>
<testng-results ignored="1" total="2" passed="1" failed="0" skipped="0">
  <reporter-output>
  </reporter-output>
  <suite started-at="2021-05-27T21:26:46 IST" name="Suite" finished-at="2021-05-27T21:26:46 IST" duration-ms="64">
    <groups>
    </groups>
    <test started-at="2021-05-27T21:26:46 IST" name="Test" finished-at="2021-05-27T21:26:46 IST" duration-ms="64">
      <class name="QAClickacademy.MavenJava.SeleniumTest">
        <test-method signature="browserWindow()[pri:0, instance:QAClickacademy.MavenJava.SeleniumTest@589b3632]" started-at="2021-05-27T21:26:46 IST" name="browserWindow" finished-at="2021-05-27T21:26:46 IST" duration-ms="8" status="PASS">
          <reporter-output>
          </reporter-output>
        </test-method> <!-- browserWindow -->
      </class> <!-- QAClickacademy.MavenJava.SeleniumTest -->
    </test> <!-- Test -->
  </suite> <!-- Suite -->
</testng-results>
