<?xml version="1.0" encoding="UTF-8"?>
<testng-results ignored="1" total="2" passed="1" failed="0" skipped="0">
  <reporter-output>
  </reporter-output>
  <suite started-at="2021-05-27T20:48:59 IST" name="Default suite" finished-at="2021-05-27T20:48:59 IST" duration-ms="74">
    <groups>
    </groups>
    <test started-at="2021-05-27T20:48:59 IST" name="Default test" finished-at="2021-05-27T20:48:59 IST" duration-ms="74">
      <class name="QAClickacademy.MavenJava.AppiumTest">
        <test-method signature="NativeAppLogin()[pri:0, instance:QAClickacademy.MavenJava.AppiumTest@7ee955a8]" started-at="2021-05-27T20:48:59 IST" name="NativeAppLogin" finished-at="2021-05-27T20:48:59 IST" duration-ms="16" status="PASS">
          <reporter-output>
          </reporter-output>
        </test-method> <!-- NativeAppLogin -->
      </class> <!-- QAClickacademy.MavenJava.AppiumTest -->
    </test> <!-- Default test -->
  </suite> <!-- Default suite -->
</testng-results>
